<?xml version="1.0" encoding="UTF-8"?>
<!-- Generated by org.testng.reporters.JUnitReportReporter -->
<testsuite hostname="INL6J4P4M2" failures="0" tests="5" name="Tests.VodAPiITests.Filter_Catalog_API" time="0.238" errors="1" timestamp="18 Sep 2020 16:48:18 GMT" skipped="1">
  <testcase classname="Tests.VodAPiITests.Filter_Catalog_API" name="F" time="0.003"/>
  <testcase classname="Tests.VodAPiITests.Filter_Catalog_API" name="F" time="0.094">
    <skipped/>
  </testcase> <!-- F -->
  <testcase classname="Tests.VodAPiITests.Filter_Catalog_API" name="F" time="0.000"/>
  <testcase classname="Tests.VodAPiITests.Filter_Catalog_API" name="F" time="0.004"/>
  <testcase classname="Tests.VodAPiITests.Filter_Catalog_API" name="FilterCatalogResponseValidation" time="0.137">
    <error message="
Data provider mismatch
Method: FilterCatalogResponseValidation([Parameter{index=0, type=java.lang.String, declaredAnnotations=[]}, Parameter{index=1, type=java.lang.String, declaredAnnotations=[]}, Parameter{index=2, type=java.lang.String, declaredAnnotations=[]}])
Arguments: [(java.lang.String) F_1,(java.lang.String) filteredcatalog?apikey=2d22ac1d42e6187f09ee6c578df187a760123ccf&amp;responseformat=&amp;programmelanguage=&amp;filtertype=&amp;programmegenre=&amp;pageno=&amp;recordsize=&amp;searchsortfield=&amp;searchorder=&amp;context=applicationname=test;programmeimagewidth=660;programmeimageheight=880;,(java.lang.String) 11070,(java.lang.String) N]" type="org.testng.internal.reflect.MethodMatcherException">
      <![CDATA[org.testng.internal.reflect.MethodMatcherException: 
Data provider mismatch
Method: FilterCatalogResponseValidation([Parameter{index=0, type=java.lang.String, declaredAnnotations=[]}, Parameter{index=1, type=java.lang.String, declaredAnnotations=[]}, Parameter{index=2, type=java.lang.String, declaredAnnotations=[]}])
Arguments: [(java.lang.String) F_1,(java.lang.String) filteredcatalog?apikey=2d22ac1d42e6187f09ee6c578df187a760123ccf&responseformat=&programmelanguage=&filtertype=&programmegenre=&pageno=&recordsize=&searchsortfield=&searchorder=&context=applicationname=test;programmeimagewidth=660;programmeimageheight=880;,(java.lang.String) 11070,(java.lang.String) N]
at org.testng.internal.reflect.DataProviderMethodMatcher.getConformingArguments(DataProviderMethodMatcher.java:45)
at org.testng.internal.Parameters.injectParameters(Parameters.java:796)
at org.testng.internal.Invoker.invokeTestMethods(Invoker.java:983)
at org.testng.internal.TestMethodWorker.invokeTestMethods(TestMethodWorker.java:125)
at org.testng.internal.TestMethodWorker.run(TestMethodWorker.java:109)
at org.testng.TestRunner.privateRun(TestRunner.java:648)
at org.testng.TestRunner.run(TestRunner.java:505)
at org.testng.SuiteRunner.runTest(SuiteRunner.java:455)
at org.testng.SuiteRunner.runSequentially(SuiteRunner.java:450)
at org.testng.SuiteRunner.privateRun(SuiteRunner.java:415)
at org.testng.SuiteRunner.run(SuiteRunner.java:364)
at org.testng.SuiteRunnerWorker.runSuite(SuiteRunnerWorker.java:52)
at org.testng.SuiteRunnerWorker.run(SuiteRunnerWorker.java:84)
at org.testng.TestNG.runSuitesSequentially(TestNG.java:1208)
at org.testng.TestNG.runSuitesLocally(TestNG.java:1137)
at org.testng.TestNG.runSuites(TestNG.java:1049)
at org.testng.TestNG.run(TestNG.java:1017)
at org.testng.IDEARemoteTestNG.run(IDEARemoteTestNG.java:72)
at org.testng.RemoteTestNGStarter.main(RemoteTestNGStarter.java:123)
]]>
    </error>
  </testcase> <!-- FilterCatalogResponseValidation -->
</testsuite> <!-- Tests.VodAPiITests.Filter_Catalog_API -->
